<?xml version="1.0" encoding="UTF-8"?>
<!-- Generated by org.testng.reporters.JUnitReportReporter -->
<testsuite hostname="Mindaug4s-PC" name="website.VotingSystem.training.tryNewStuffOut" tests="2" failures="0" timestamp="8 Mar 2017 10:14:15 GMT" time="9.625" errors="0">
  <testcase name="testDistricts" time="5.220" classname="website.VotingSystem.training.tryNewStuffOut"/>
  <testcase name="testDistricts" time="4.405" classname="website.VotingSystem.training.tryNewStuffOut"/>
</testsuite> <!-- website.VotingSystem.training.tryNewStuffOut -->
