<?xml version="1.0" encoding="UTF-8"?>
<!-- Generated by org.testng.reporters.JUnitReportReporter -->
<testsuite hostname="Mindaug4s-PC" name="website.VotingSystem.training.tryNewStuffOut" tests="2" failures="0" timestamp="7 Mar 2017 23:31:05 GMT" time="14.582" errors="0">
  <testcase name="testDistricts" time="8.290" classname="website.VotingSystem.training.tryNewStuffOut"/>
  <testcase name="testDistricts" time="6.292" classname="website.VotingSystem.training.tryNewStuffOut"/>
</testsuite> <!-- website.VotingSystem.training.tryNewStuffOut -->
