<?xml version="1.0" encoding="UTF-8"?>
<!-- Generated by org.testng.reporters.JUnitReportReporter -->
<testsuite hostname="Mindaug4s-PC" name="website.VotingSystem.someTestss" tests="1" failures="0" timestamp="1 Mar 2017 15:15:30 GMT" time="0.010" errors="0">
  <testcase name="doNothing" time="0.010" classname="website.VotingSystem.someTestss"/>
</testsuite> <!-- website.VotingSystem.someTestss -->
